{"/Users/dhruvdhar/Desktop/Personal/Projects/stream-flare/src/BroadcastStream.ts": {"path":"/Users/dhruvdhar/Desktop/Personal/Projects/stream-flare/src/BroadcastStream.ts","statementMap":{"0":{"start":{"line":11,"column":8},"end":{"line":11,"column":15}},"1":{"start":{"line":12,"column":8},"end":{"line":12,"column":33}},"2":{"start":{"line":13,"column":8},"end":{"line":13,"column":34}},"3":{"start":{"line":16,"column":8},"end":{"line":16,"column":33}},"4":{"start":{"line":20,"column":8},"end":{"line":22,"column":9}},"5":{"start":{"line":21,"column":12},"end":{"line":21,"column":66}},"6":{"start":{"line":23,"column":8},"end":{"line":23,"column":58}},"7":{"start":{"line":24,"column":8},"end":{"line":24,"column":63}},"8":{"start":{"line":26,"column":8},"end":{"line":28,"column":10}},"9":{"start":{"line":27,"column":12},"end":{"line":27,"column":38}},"10":{"start":{"line":32,"column":8},"end":{"line":34,"column":9}},"11":{"start":{"line":33,"column":12},"end":{"line":33,"column":24}},"12":{"start":{"line":35,"column":8},"end":{"line":35,"column":39}},"13":{"start":{"line":36,"column":8},"end":{"line":36,"column":52}},"14":{"start":{"line":37,"column":8},"end":{"line":37,"column":19}},"15":{"start":{"line":41,"column":8},"end":{"line":43,"column":9}},"16":{"start":{"line":42,"column":12},"end":{"line":42,"column":36}},"17":{"start":{"line":44,"column":8},"end":{"line":44,"column":54}},"18":{"start":{"line":48,"column":8},"end":{"line":50,"column":9}},"19":{"start":{"line":49,"column":12},"end":{"line":49,"column":76}},"20":{"start":{"line":51,"column":8},"end":{"line":55,"column":9}},"21":{"start":{"line":52,"column":12},"end":{"line":54,"column":13}},"22":{"start":{"line":53,"column":16},"end":{"line":53,"column":40}},"23":{"start":{"line":56,"column":8},"end":{"line":56,"column":54}}},"fnMap":{"0":{"name":"(anonymous_0)","decl":{"start":{"line":10,"column":4},"end":{"line":10,"column":5}},"loc":{"start":{"line":10,"column":35},"end":{"line":14,"column":5}},"line":10},"1":{"name":"(anonymous_1)","decl":{"start":{"line":15,"column":4},"end":{"line":15,"column":5}},"loc":{"start":{"line":15,"column":35},"end":{"line":17,"column":5}},"line":15},"2":{"name":"(anonymous_2)","decl":{"start":{"line":19,"column":4},"end":{"line":19,"column":5}},"loc":{"start":{"line":19,"column":31},"end":{"line":29,"column":5}},"line":19},"3":{"name":"(anonymous_3)","decl":{"start":{"line":26,"column":37},"end":{"line":26,"column":38}},"loc":{"start":{"line":26,"column":52},"end":{"line":28,"column":9}},"line":26},"4":{"name":"(anonymous_4)","decl":{"start":{"line":31,"column":4},"end":{"line":31,"column":5}},"loc":{"start":{"line":31,"column":43},"end":{"line":38,"column":5}},"line":31},"5":{"name":"(anonymous_5)","decl":{"start":{"line":40,"column":4},"end":{"line":40,"column":5}},"loc":{"start":{"line":40,"column":30},"end":{"line":45,"column":5}},"line":40},"6":{"name":"(anonymous_6)","decl":{"start":{"line":47,"column":4},"end":{"line":47,"column":5}},"loc":{"start":{"line":47,"column":52},"end":{"line":57,"column":5}},"line":47}},"branchMap":{"0":{"loc":{"start":{"line":20,"column":8},"end":{"line":22,"column":9}},"type":"if","locations":[{"start":{"line":20,"column":8},"end":{"line":22,"column":9}},{"start":{},"end":{}}],"line":20},"1":{"loc":{"start":{"line":32,"column":8},"end":{"line":34,"column":9}},"type":"if","locations":[{"start":{"line":32,"column":8},"end":{"line":34,"column":9}},{"start":{},"end":{}}],"line":32},"2":{"loc":{"start":{"line":48,"column":8},"end":{"line":50,"column":9}},"type":"if","locations":[{"start":{"line":48,"column":8},"end":{"line":50,"column":9}},{"start":{},"end":{}}],"line":48},"3":{"loc":{"start":{"line":48,"column":11},"end":{"line":48,"column":45}},"type":"binary-expr","locations":[{"start":{"line":48,"column":11},"end":{"line":48,"column":20}},{"start":{"line":48,"column":24},"end":{"line":48,"column":45}}],"line":48},"4":{"loc":{"start":{"line":52,"column":12},"end":{"line":54,"column":13}},"type":"if","locations":[{"start":{"line":52,"column":12},"end":{"line":54,"column":13}},{"start":{},"end":{}}],"line":52}},"s":{"0":0,"1":0,"2":0,"3":0,"4":0,"5":0,"6":0,"7":0,"8":0,"9":0,"10":0,"11":0,"12":0,"13":0,"14":0,"15":0,"16":0,"17":0,"18":0,"19":0,"20":0,"21":0,"22":0,"23":0},"f":{"0":0,"1":0,"2":0,"3":0,"4":0,"5":0,"6":0},"b":{"0":[0,0],"1":[0,0],"2":[0,0],"3":[0,0],"4":[0,0]}}
,"/Users/dhruvdhar/Desktop/Personal/Projects/stream-flare/src/MessageBuilder.ts": {"path":"/Users/dhruvdhar/Desktop/Personal/Projects/stream-flare/src/MessageBuilder.ts","statementMap":{"0":{"start":{"line":5,"column":8},"end":{"line":5,"column":21}},"1":{"start":{"line":9,"column":8},"end":{"line":9,"column":27}},"2":{"start":{"line":9,"column":16},"end":{"line":9,"column":27}},"3":{"start":{"line":10,"column":8},"end":{"line":10,"column":42}},"4":{"start":{"line":11,"column":8},"end":{"line":11,"column":19}},"5":{"start":{"line":15,"column":8},"end":{"line":15,"column":51}},"6":{"start":{"line":16,"column":8},"end":{"line":16,"column":19}},"7":{"start":{"line":20,"column":8},"end":{"line":20,"column":34}},"8":{"start":{"line":20,"column":23},"end":{"line":20,"column":34}},"9":{"start":{"line":21,"column":8},"end":{"line":21,"column":52}},"10":{"start":{"line":22,"column":8},"end":{"line":22,"column":19}},"11":{"start":{"line":26,"column":8},"end":{"line":26,"column":29}},"12":{"start":{"line":26,"column":18},"end":{"line":26,"column":29}},"13":{"start":{"line":27,"column":30},"end":{"line":27,"column":53}},"14":{"start":{"line":28,"column":8},"end":{"line":28,"column":54}},"15":{"start":{"line":29,"column":8},"end":{"line":29,"column":19}},"16":{"start":{"line":34,"column":24},"end":{"line":34,"column":35}},"17":{"start":{"line":35,"column":8},"end":{"line":35,"column":24}},"18":{"start":{"line":39,"column":8},"end":{"line":39,"column":32}},"19":{"start":{"line":43,"column":8},"end":{"line":43,"column":21}}},"fnMap":{"0":{"name":"(anonymous_0)","decl":{"start":{"line":4,"column":4},"end":{"line":4,"column":5}},"loc":{"start":{"line":4,"column":18},"end":{"line":6,"column":5}},"line":4},"1":{"name":"(anonymous_1)","decl":{"start":{"line":8,"column":4},"end":{"line":8,"column":5}},"loc":{"start":{"line":8,"column":35},"end":{"line":12,"column":5}},"line":8},"2":{"name":"(anonymous_2)","decl":{"start":{"line":14,"column":4},"end":{"line":14,"column":5}},"loc":{"start":{"line":14,"column":44},"end":{"line":17,"column":5}},"line":14},"3":{"name":"(anonymous_3)","decl":{"start":{"line":19,"column":4},"end":{"line":19,"column":5}},"loc":{"start":{"line":19,"column":46},"end":{"line":23,"column":5}},"line":19},"4":{"name":"(anonymous_4)","decl":{"start":{"line":25,"column":4},"end":{"line":25,"column":5}},"loc":{"start":{"line":25,"column":39},"end":{"line":30,"column":5}},"line":25},"5":{"name":"(anonymous_5)","decl":{"start":{"line":32,"column":4},"end":{"line":32,"column":5}},"loc":{"start":{"line":32,"column":39},"end":{"line":36,"column":5}},"line":32},"6":{"name":"(anonymous_6)","decl":{"start":{"line":38,"column":4},"end":{"line":38,"column":5}},"loc":{"start":{"line":38,"column":25},"end":{"line":40,"column":5}},"line":38},"7":{"name":"(anonymous_7)","decl":{"start":{"line":42,"column":4},"end":{"line":42,"column":5}},"loc":{"start":{"line":42,"column":18},"end":{"line":44,"column":5}},"line":42}},"branchMap":{"0":{"loc":{"start":{"line":9,"column":8},"end":{"line":9,"column":27}},"type":"if","locations":[{"start":{"line":9,"column":8},"end":{"line":9,"column":27}},{"start":{},"end":{}}],"line":9},"1":{"loc":{"start":{"line":20,"column":8},"end":{"line":20,"column":34}},"type":"if","locations":[{"start":{"line":20,"column":8},"end":{"line":20,"column":34}},{"start":{},"end":{}}],"line":20},"2":{"loc":{"start":{"line":26,"column":8},"end":{"line":26,"column":29}},"type":"if","locations":[{"start":{"line":26,"column":8},"end":{"line":26,"column":29}},{"start":{},"end":{}}],"line":26}},"s":{"0":17,"1":16,"2":1,"3":15,"4":15,"5":5,"6":5,"7":10,"8":5,"9":5,"10":5,"11":17,"12":1,"13":16,"14":16,"15":16,"16":16,"17":16,"18":18,"19":7},"f":{"0":17,"1":16,"2":5,"3":10,"4":17,"5":16,"6":18,"7":7},"b":{"0":[1,15],"1":[5,5],"2":[1,16]},"_coverageSchema":"1a1c01bbd47fc00a2c39e90264f33305004495a9","hash":"30ead79d2ef2c1f692f872712533fecc30f02b06"}
,"/Users/dhruvdhar/Desktop/Personal/Projects/stream-flare/src/MessageDispatcher.ts": {"path":"/Users/dhruvdhar/Desktop/Personal/Projects/stream-flare/src/MessageDispatcher.ts","statementMap":{"0":{"start":{"line":10,"column":8},"end":{"line":10,"column":22}},"1":{"start":{"line":14,"column":35},"end":{"line":14,"column":66}},"2":{"start":{"line":15,"column":8},"end":{"line":15,"column":58}}},"fnMap":{"0":{"name":"(anonymous_0)","decl":{"start":{"line":9,"column":4},"end":{"line":9,"column":5}},"loc":{"start":{"line":9,"column":97},"end":{"line":11,"column":5}},"line":9},"1":{"name":"(anonymous_1)","decl":{"start":{"line":13,"column":4},"end":{"line":13,"column":5}},"loc":{"start":{"line":13,"column":69},"end":{"line":16,"column":5}},"line":13}},"branchMap":{},"s":{"0":3,"1":3,"2":3},"f":{"0":3,"1":3},"b":{},"_coverageSchema":"1a1c01bbd47fc00a2c39e90264f33305004495a9","hash":"4ab51ef39a090c400ffe7ac90eec9cd76dbadfb9"}
,"/Users/dhruvdhar/Desktop/Personal/Projects/stream-flare/src/MessageTransformer.ts": {"path":"/Users/dhruvdhar/Desktop/Personal/Projects/stream-flare/src/MessageTransformer.ts","statementMap":{"0":{"start":{"line":12,"column":8},"end":{"line":12,"column":16}},"1":{"start":{"line":13,"column":8},"end":{"line":13,"column":51}},"2":{"start":{"line":14,"column":8},"end":{"line":14,"column":50}},"3":{"start":{"line":18,"column":47},"end":{"line":18,"column":75}},"4":{"start":{"line":20,"column":35},"end":{"line":20,"column":101}},"5":{"start":{"line":21,"column":8},"end":{"line":23,"column":9}},"6":{"start":{"line":22,"column":12},"end":{"line":22,"column":40}},"7":{"start":{"line":24,"column":24},"end":{"line":24,"column":39}},"8":{"start":{"line":25,"column":8},"end":{"line":25,"column":27}},"9":{"start":{"line":26,"column":8},"end":{"line":26,"column":19}},"10":{"start":{"line":27,"column":8},"end":{"line":27,"column":35}}},"fnMap":{"0":{"name":"(anonymous_0)","decl":{"start":{"line":11,"column":4},"end":{"line":11,"column":5}},"loc":{"start":{"line":11,"column":43},"end":{"line":15,"column":5}},"line":11},"1":{"name":"(anonymous_1)","decl":{"start":{"line":17,"column":4},"end":{"line":17,"column":5}},"loc":{"start":{"line":17,"column":67},"end":{"line":28,"column":5}},"line":17}},"branchMap":{"0":{"loc":{"start":{"line":20,"column":92},"end":{"line":20,"column":99}},"type":"binary-expr","locations":[{"start":{"line":20,"column":92},"end":{"line":20,"column":94}},{"start":{"line":20,"column":98},"end":{"line":20,"column":99}}],"line":20},"1":{"loc":{"start":{"line":21,"column":8},"end":{"line":23,"column":9}},"type":"if","locations":[{"start":{"line":21,"column":8},"end":{"line":23,"column":9}},{"start":{},"end":{}}],"line":21}},"s":{"0":6,"1":6,"2":6,"3":6,"4":6,"5":6,"6":2,"7":6,"8":6,"9":6,"10":6},"f":{"0":6,"1":6},"b":{"0":[6,1],"1":[2,4]},"_coverageSchema":"1a1c01bbd47fc00a2c39e90264f33305004495a9","hash":"0aac2841655b65542685c500f8e395ec05b6f9b8"}
,"/Users/dhruvdhar/Desktop/Personal/Projects/stream-flare/src/Session.ts": {"path":"/Users/dhruvdhar/Desktop/Personal/Projects/stream-flare/src/Session.ts","statementMap":{"0":{"start":{"line":24,"column":48},"end":{"line":24,"column":74}},"1":{"start":{"line":27,"column":48},"end":{"line":27,"column":77}},"2":{"start":{"line":28,"column":43},"end":{"line":28,"column":65}},"3":{"start":{"line":30,"column":37},"end":{"line":30,"column":42}},"4":{"start":{"line":33,"column":32},"end":{"line":33,"column":34}},"5":{"start":{"line":34,"column":34},"end":{"line":34,"column":54}},"6":{"start":{"line":35,"column":22},"end":{"line":40,"column":5}},"7":{"start":{"line":44,"column":8},"end":{"line":44,"column":15}},"8":{"start":{"line":45,"column":8},"end":{"line":45,"column":37}},"9":{"start":{"line":46,"column":8},"end":{"line":46,"column":22}},"10":{"start":{"line":47,"column":8},"end":{"line":47,"column":22}},"11":{"start":{"line":48,"column":31},"end":{"line":48,"column":62}},"12":{"start":{"line":49,"column":8},"end":{"line":49,"column":51}},"13":{"start":{"line":51,"column":8},"end":{"line":54,"column":9}},"14":{"start":{"line":53,"column":12},"end":{"line":53,"column":25}},"15":{"start":{"line":56,"column":8},"end":{"line":56,"column":59}},"16":{"start":{"line":57,"column":8},"end":{"line":57,"column":59}},"17":{"start":{"line":58,"column":8},"end":{"line":58,"column":71}},"18":{"start":{"line":59,"column":8},"end":{"line":59,"column":84}},"19":{"start":{"line":60,"column":8},"end":{"line":60,"column":97}},"20":{"start":{"line":61,"column":8},"end":{"line":63,"column":11}},"21":{"start":{"line":65,"column":8},"end":{"line":65,"column":29}},"22":{"start":{"line":66,"column":8},"end":{"line":66,"column":31}},"23":{"start":{"line":68,"column":8},"end":{"line":68,"column":57}},"24":{"start":{"line":69,"column":8},"end":{"line":69,"column":54}},"25":{"start":{"line":70,"column":8},"end":{"line":70,"column":50}},"26":{"start":{"line":70,"column":37},"end":{"line":70,"column":49}},"27":{"start":{"line":71,"column":8},"end":{"line":71,"column":50}},"28":{"start":{"line":71,"column":37},"end":{"line":71,"column":49}},"29":{"start":{"line":75,"column":22},"end":{"line":75,"column":65}},"30":{"start":{"line":76,"column":20},"end":{"line":76,"column":128}},"31":{"start":{"line":77,"column":20},"end":{"line":77,"column":113}},"32":{"start":{"line":78,"column":20},"end":{"line":78,"column":95}},"33":{"start":{"line":79,"column":8},"end":{"line":79,"column":39}},"34":{"start":{"line":83,"column":22},"end":{"line":83,"column":83}},"35":{"start":{"line":83,"column":54},"end":{"line":83,"column":82}},"36":{"start":{"line":84,"column":8},"end":{"line":90,"column":9}},"37":{"start":{"line":85,"column":35},"end":{"line":85,"column":60}},"38":{"start":{"line":86,"column":12},"end":{"line":89,"column":13}},"39":{"start":{"line":87,"column":16},"end":{"line":87,"column":43}},"40":{"start":{"line":88,"column":16},"end":{"line":88,"column":43}},"41":{"start":{"line":94,"column":8},"end":{"line":96,"column":9}},"42":{"start":{"line":95,"column":12},"end":{"line":95,"column":66}},"43":{"start":{"line":97,"column":8},"end":{"line":99,"column":9}},"44":{"start":{"line":98,"column":12},"end":{"line":98,"column":66}},"45":{"start":{"line":100,"column":8},"end":{"line":102,"column":9}},"46":{"start":{"line":101,"column":12},"end":{"line":101,"column":62}},"47":{"start":{"line":103,"column":8},"end":{"line":105,"column":9}},"48":{"start":{"line":104,"column":12},"end":{"line":104,"column":62}},"49":{"start":{"line":106,"column":8},"end":{"line":108,"column":9}},"50":{"start":{"line":107,"column":12},"end":{"line":107,"column":64}},"51":{"start":{"line":109,"column":8},"end":{"line":111,"column":9}},"52":{"start":{"line":110,"column":12},"end":{"line":110,"column":64}},"53":{"start":{"line":115,"column":8},"end":{"line":115,"column":45}},"54":{"start":{"line":119,"column":8},"end":{"line":123,"column":9}},"55":{"start":{"line":120,"column":12},"end":{"line":122,"column":46}},"56":{"start":{"line":121,"column":16},"end":{"line":121,"column":39}},"57":{"start":{"line":127,"column":2},"end":{"line":127,"column":55}},"58":{"start":{"line":127,"column":41},"end":{"line":127,"column":53}},"59":{"start":{"line":128,"column":2},"end":{"line":128,"column":55}},"60":{"start":{"line":128,"column":41},"end":{"line":128,"column":53}},"61":{"start":{"line":130,"column":8},"end":{"line":130,"column":28}},"62":{"start":{"line":131,"column":8},"end":{"line":131,"column":34}},"63":{"start":{"line":132,"column":8},"end":{"line":132,"column":60}},"64":{"start":{"line":133,"column":8},"end":{"line":133,"column":45}},"65":{"start":{"line":134,"column":8},"end":{"line":134,"column":34}},"66":{"start":{"line":135,"column":8},"end":{"line":135,"column":22}},"67":{"start":{"line":136,"column":8},"end":{"line":136,"column":51}},"68":{"start":{"line":140,"column":8},"end":{"line":140,"column":28}},"69":{"start":{"line":144,"column":8},"end":{"line":144,"column":29}},"70":{"start":{"line":148,"column":8},"end":{"line":148,"column":35}},"71":{"start":{"line":152,"column":8},"end":{"line":154,"column":9}},"72":{"start":{"line":153,"column":12},"end":{"line":153,"column":86}},"73":{"start":{"line":155,"column":30},"end":{"line":155,"column":70}},"74":{"start":{"line":156,"column":8},"end":{"line":156,"column":32}},"75":{"start":{"line":158,"column":8},"end":{"line":160,"column":9}},"76":{"start":{"line":159,"column":12},"end":{"line":159,"column":40}},"77":{"start":{"line":162,"column":25},"end":{"line":162,"column":46}},"78":{"start":{"line":163,"column":24},"end":{"line":163,"column":54}},"79":{"start":{"line":164,"column":8},"end":{"line":166,"column":9}},"80":{"start":{"line":165,"column":12},"end":{"line":165,"column":80}},"81":{"start":{"line":165,"column":48},"end":{"line":165,"column":78}},"82":{"start":{"line":167,"column":8},"end":{"line":172,"column":9}},"83":{"start":{"line":168,"column":12},"end":{"line":168,"column":37}},"84":{"start":{"line":169,"column":12},"end":{"line":171,"column":14}},"85":{"start":{"line":173,"column":8},"end":{"line":173,"column":49}}},"fnMap":{"0":{"name":"(anonymous_0)","decl":{"start":{"line":42,"column":4},"end":{"line":42,"column":5}},"loc":{"start":{"line":43,"column":113},"end":{"line":72,"column":5}},"line":43},"1":{"name":"(anonymous_1)","decl":{"start":{"line":62,"column":12},"end":{"line":62,"column":13}},"loc":{"start":{"line":62,"column":20},"end":{"line":62,"column":22}},"line":62},"2":{"name":"(anonymous_2)","decl":{"start":{"line":70,"column":31},"end":{"line":70,"column":32}},"loc":{"start":{"line":70,"column":37},"end":{"line":70,"column":49}},"line":70},"3":{"name":"(anonymous_3)","decl":{"start":{"line":71,"column":31},"end":{"line":71,"column":32}},"loc":{"start":{"line":71,"column":37},"end":{"line":71,"column":49}},"line":71},"4":{"name":"(anonymous_4)","decl":{"start":{"line":74,"column":4},"end":{"line":74,"column":5}},"loc":{"start":{"line":74,"column":69},"end":{"line":80,"column":5}},"line":74},"5":{"name":"(anonymous_5)","decl":{"start":{"line":82,"column":4},"end":{"line":82,"column":5}},"loc":{"start":{"line":82,"column":21},"end":{"line":91,"column":5}},"line":82},"6":{"name":"(anonymous_6)","decl":{"start":{"line":83,"column":45},"end":{"line":83,"column":46}},"loc":{"start":{"line":83,"column":54},"end":{"line":83,"column":82}},"line":83},"7":{"name":"(anonymous_7)","decl":{"start":{"line":93,"column":4},"end":{"line":93,"column":5}},"loc":{"start":{"line":93,"column":48},"end":{"line":112,"column":5}},"line":93},"8":{"name":"(anonymous_8)","decl":{"start":{"line":114,"column":4},"end":{"line":114,"column":5}},"loc":{"start":{"line":114,"column":29},"end":{"line":116,"column":5}},"line":114},"9":{"name":"(anonymous_9)","decl":{"start":{"line":118,"column":4},"end":{"line":118,"column":5}},"loc":{"start":{"line":118,"column":31},"end":{"line":124,"column":5}},"line":118},"10":{"name":"(anonymous_10)","decl":{"start":{"line":120,"column":49},"end":{"line":120,"column":50}},"loc":{"start":{"line":120,"column":55},"end":{"line":122,"column":13}},"line":120},"11":{"name":"(anonymous_11)","decl":{"start":{"line":126,"column":4},"end":{"line":126,"column":5}},"loc":{"start":{"line":126,"column":20},"end":{"line":137,"column":5}},"line":126},"12":{"name":"(anonymous_12)","decl":{"start":{"line":127,"column":35},"end":{"line":127,"column":36}},"loc":{"start":{"line":127,"column":41},"end":{"line":127,"column":53}},"line":127},"13":{"name":"(anonymous_13)","decl":{"start":{"line":128,"column":35},"end":{"line":128,"column":36}},"loc":{"start":{"line":128,"column":41},"end":{"line":128,"column":53}},"line":128},"14":{"name":"(anonymous_14)","decl":{"start":{"line":139,"column":4},"end":{"line":139,"column":5}},"loc":{"start":{"line":139,"column":36},"end":{"line":141,"column":5}},"line":139},"15":{"name":"(anonymous_15)","decl":{"start":{"line":143,"column":4},"end":{"line":143,"column":5}},"loc":{"start":{"line":143,"column":27},"end":{"line":145,"column":5}},"line":143},"16":{"name":"(anonymous_16)","decl":{"start":{"line":147,"column":4},"end":{"line":147,"column":5}},"loc":{"start":{"line":147,"column":25},"end":{"line":149,"column":5}},"line":147},"17":{"name":"(anonymous_17)","decl":{"start":{"line":151,"column":4},"end":{"line":151,"column":5}},"loc":{"start":{"line":151,"column":49},"end":{"line":174,"column":5}},"line":151},"18":{"name":"(anonymous_18)","decl":{"start":{"line":165,"column":42},"end":{"line":165,"column":43}},"loc":{"start":{"line":165,"column":48},"end":{"line":165,"column":78}},"line":165}},"branchMap":{"0":{"loc":{"start":{"line":51,"column":8},"end":{"line":54,"column":9}},"type":"if","locations":[{"start":{"line":51,"column":8},"end":{"line":54,"column":9}},{"start":{},"end":{}}],"line":51},"1":{"loc":{"start":{"line":56,"column":25},"end":{"line":56,"column":59}},"type":"binary-expr","locations":[{"start":{"line":56,"column":25},"end":{"line":56,"column":43}},{"start":{"line":56,"column":47},"end":{"line":56,"column":59}}],"line":56},"2":{"loc":{"start":{"line":58,"column":27},"end":{"line":58,"column":71}},"type":"binary-expr","locations":[{"start":{"line":58,"column":27},"end":{"line":58,"column":47}},{"start":{"line":58,"column":51},"end":{"line":58,"column":71}}],"line":58},"3":{"loc":{"start":{"line":59,"column":36},"end":{"line":59,"column":84}},"type":"binary-expr","locations":[{"start":{"line":59,"column":36},"end":{"line":59,"column":58}},{"start":{"line":59,"column":62},"end":{"line":59,"column":84}}],"line":59},"4":{"loc":{"start":{"line":60,"column":41},"end":{"line":60,"column":97}},"type":"binary-expr","locations":[{"start":{"line":60,"column":41},"end":{"line":60,"column":67}},{"start":{"line":60,"column":71},"end":{"line":60,"column":97}}],"line":60},"5":{"loc":{"start":{"line":75,"column":22},"end":{"line":75,"column":65}},"type":"binary-expr","locations":[{"start":{"line":75,"column":22},"end":{"line":75,"column":29}},{"start":{"line":75,"column":33},"end":{"line":75,"column":59}},{"start":{"line":75,"column":63},"end":{"line":75,"column":65}}],"line":75},"6":{"loc":{"start":{"line":76,"column":20},"end":{"line":76,"column":128}},"type":"cond-expr","locations":[{"start":{"line":76,"column":66},"end":{"line":76,"column":97}},{"start":{"line":76,"column":100},"end":{"line":76,"column":128}}],"line":76},"7":{"loc":{"start":{"line":77,"column":20},"end":{"line":77,"column":113}},"type":"cond-expr","locations":[{"start":{"line":77,"column":61},"end":{"line":77,"column":87}},{"start":{"line":77,"column":90},"end":{"line":77,"column":113}}],"line":77},"8":{"loc":{"start":{"line":78,"column":20},"end":{"line":78,"column":95}},"type":"cond-expr","locations":[{"start":{"line":78,"column":55},"end":{"line":78,"column":75}},{"start":{"line":78,"column":78},"end":{"line":78,"column":95}}],"line":78},"9":{"loc":{"start":{"line":79,"column":15},"end":{"line":79,"column":39}},"type":"binary-expr","locations":[{"start":{"line":79,"column":15},"end":{"line":79,"column":18}},{"start":{"line":79,"column":22},"end":{"line":79,"column":25}},{"start":{"line":79,"column":29},"end":{"line":79,"column":32}},{"start":{"line":79,"column":36},"end":{"line":79,"column":39}}],"line":79},"10":{"loc":{"start":{"line":84,"column":8},"end":{"line":90,"column":9}},"type":"if","locations":[{"start":{"line":84,"column":8},"end":{"line":90,"column":9}},{"start":{},"end":{}}],"line":84},"11":{"loc":{"start":{"line":94,"column":8},"end":{"line":96,"column":9}},"type":"if","locations":[{"start":{"line":94,"column":8},"end":{"line":96,"column":9}},{"start":{},"end":{}}],"line":94},"12":{"loc":{"start":{"line":94,"column":11},"end":{"line":94,"column":96}},"type":"binary-expr","locations":[{"start":{"line":94,"column":11},"end":{"line":94,"column":18}},{"start":{"line":94,"column":22},"end":{"line":94,"column":47}},{"start":{"line":94,"column":51},"end":{"line":94,"column":96}}],"line":94},"13":{"loc":{"start":{"line":97,"column":8},"end":{"line":99,"column":9}},"type":"if","locations":[{"start":{"line":97,"column":8},"end":{"line":99,"column":9}},{"start":{},"end":{}}],"line":97},"14":{"loc":{"start":{"line":97,"column":11},"end":{"line":97,"column":81}},"type":"binary-expr","locations":[{"start":{"line":97,"column":11},"end":{"line":97,"column":18}},{"start":{"line":97,"column":22},"end":{"line":97,"column":47}},{"start":{"line":97,"column":51},"end":{"line":97,"column":81}}],"line":97},"15":{"loc":{"start":{"line":100,"column":8},"end":{"line":102,"column":9}},"type":"if","locations":[{"start":{"line":100,"column":8},"end":{"line":102,"column":9}},{"start":{},"end":{}}],"line":100},"16":{"loc":{"start":{"line":100,"column":11},"end":{"line":100,"column":88}},"type":"binary-expr","locations":[{"start":{"line":100,"column":11},"end":{"line":100,"column":18}},{"start":{"line":100,"column":22},"end":{"line":100,"column":43}},{"start":{"line":100,"column":47},"end":{"line":100,"column":88}}],"line":100},"17":{"loc":{"start":{"line":103,"column":8},"end":{"line":105,"column":9}},"type":"if","locations":[{"start":{"line":103,"column":8},"end":{"line":105,"column":9}},{"start":{},"end":{}}],"line":103},"18":{"loc":{"start":{"line":103,"column":11},"end":{"line":103,"column":73}},"type":"binary-expr","locations":[{"start":{"line":103,"column":11},"end":{"line":103,"column":18}},{"start":{"line":103,"column":22},"end":{"line":103,"column":43}},{"start":{"line":103,"column":47},"end":{"line":103,"column":73}}],"line":103},"19":{"loc":{"start":{"line":106,"column":8},"end":{"line":108,"column":9}},"type":"if","locations":[{"start":{"line":106,"column":8},"end":{"line":108,"column":9}},{"start":{},"end":{}}],"line":106},"20":{"loc":{"start":{"line":106,"column":11},"end":{"line":106,"column":84}},"type":"binary-expr","locations":[{"start":{"line":106,"column":11},"end":{"line":106,"column":18}},{"start":{"line":106,"column":22},"end":{"line":106,"column":41}},{"start":{"line":106,"column":45},"end":{"line":106,"column":84}}],"line":106},"21":{"loc":{"start":{"line":109,"column":8},"end":{"line":111,"column":9}},"type":"if","locations":[{"start":{"line":109,"column":8},"end":{"line":111,"column":9}},{"start":{},"end":{}}],"line":109},"22":{"loc":{"start":{"line":109,"column":11},"end":{"line":109,"column":100}},"type":"binary-expr","locations":[{"start":{"line":109,"column":11},"end":{"line":109,"column":18}},{"start":{"line":109,"column":22},"end":{"line":109,"column":41}},{"start":{"line":109,"column":46},"end":{"line":109,"column":70}},{"start":{"line":109,"column":74},"end":{"line":109,"column":99}}],"line":109},"23":{"loc":{"start":{"line":119,"column":8},"end":{"line":123,"column":9}},"type":"if","locations":[{"start":{"line":119,"column":8},"end":{"line":123,"column":9}},{"start":{},"end":{}}],"line":119},"24":{"loc":{"start":{"line":152,"column":8},"end":{"line":154,"column":9}},"type":"if","locations":[{"start":{"line":152,"column":8},"end":{"line":154,"column":9}},{"start":{},"end":{}}],"line":152},"25":{"loc":{"start":{"line":158,"column":8},"end":{"line":160,"column":9}},"type":"if","locations":[{"start":{"line":158,"column":8},"end":{"line":160,"column":9}},{"start":{},"end":{}}],"line":158},"26":{"loc":{"start":{"line":164,"column":8},"end":{"line":166,"column":9}},"type":"if","locations":[{"start":{"line":164,"column":8},"end":{"line":166,"column":9}},{"start":{},"end":{}}],"line":164},"27":{"loc":{"start":{"line":167,"column":8},"end":{"line":172,"column":9}},"type":"if","locations":[{"start":{"line":167,"column":8},"end":{"line":172,"column":9}},{"start":{},"end":{}}],"line":167}},"s":{"0":0,"1":0,"2":0,"3":0,"4":0,"5":0,"6":0,"7":0,"8":0,"9":0,"10":0,"11":0,"12":0,"13":0,"14":0,"15":0,"16":0,"17":0,"18":0,"19":0,"20":0,"21":0,"22":0,"23":0,"24":0,"25":0,"26":0,"27":0,"28":0,"29":0,"30":0,"31":0,"32":0,"33":0,"34":0,"35":0,"36":0,"37":0,"38":0,"39":0,"40":0,"41":0,"42":0,"43":0,"44":0,"45":0,"46":0,"47":0,"48":0,"49":0,"50":0,"51":0,"52":0,"53":0,"54":0,"55":0,"56":0,"57":0,"58":0,"59":0,"60":0,"61":0,"62":0,"63":0,"64":0,"65":0,"66":0,"67":0,"68":0,"69":0,"70":0,"71":0,"72":0,"73":0,"74":0,"75":0,"76":0,"77":0,"78":0,"79":0,"80":0,"81":0,"82":0,"83":0,"84":0,"85":0},"f":{"0":0,"1":0,"2":0,"3":0,"4":0,"5":0,"6":0,"7":0,"8":0,"9":0,"10":0,"11":0,"12":0,"13":0,"14":0,"15":0,"16":0,"17":0,"18":0},"b":{"0":[0,0],"1":[0,0],"2":[0,0],"3":[0,0],"4":[0,0],"5":[0,0,0],"6":[0,0],"7":[0,0],"8":[0,0],"9":[0,0,0,0],"10":[0,0],"11":[0,0],"12":[0,0,0],"13":[0,0],"14":[0,0,0],"15":[0,0],"16":[0,0,0],"17":[0,0],"18":[0,0,0],"19":[0,0],"20":[0,0,0],"21":[0,0],"22":[0,0,0,0],"23":[0,0],"24":[0,0],"25":[0,0],"26":[0,0],"27":[0,0]}}
,"/Users/dhruvdhar/Desktop/Personal/Projects/stream-flare/src/constants.ts": {"path":"/Users/dhruvdhar/Desktop/Personal/Projects/stream-flare/src/constants.ts","statementMap":{"0":{"start":{"line":1,"column":42},"end":{"line":1,"column":47}},"1":{"start":{"line":2,"column":38},"end":{"line":2,"column":42}},"2":{"start":{"line":3,"column":36},"end":{"line":3,"column":39}}},"fnMap":{},"branchMap":{},"s":{"0":1,"1":1,"2":1},"f":{},"b":{},"_coverageSchema":"1a1c01bbd47fc00a2c39e90264f33305004495a9","hash":"44921c32cda0c226db5cb9a9aacf1874f98436cc"}
,"/Users/dhruvdhar/Desktop/Personal/Projects/stream-flare/src/error.ts": {"path":"/Users/dhruvdhar/Desktop/Personal/Projects/stream-flare/src/error.ts","statementMap":{"0":{"start":{"line":1,"column":22},"end":{"line":9,"column":1}}},"fnMap":{},"branchMap":{},"s":{"0":1},"f":{},"b":{},"_coverageSchema":"1a1c01bbd47fc00a2c39e90264f33305004495a9","hash":"620fc72eb1300a72be396f71175fcdf726fb8a14"}
,"/Users/dhruvdhar/Desktop/Personal/Projects/stream-flare/src/index.ts": {"path":"/Users/dhruvdhar/Desktop/Personal/Projects/stream-flare/src/index.ts","statementMap":{},"fnMap":{},"branchMap":{},"s":{},"f":{},"b":{}}
}
